<?xml version="1.0" encoding="UTF-8"?>
<testsuite xmlns:xsi="http://www.w3.org/2001/XMLSchema-instance" xsi:noNamespaceSchemaLocation="https://maven.apache.org/surefire/maven-surefire-plugin/xsd/surefire-test-report.xsd" name="com.lecimy.checker.ScenarioStepsCounterTest" time="0.013" tests="6" errors="0" skipped="0" failures="0">
  <properties>
[...]
</properties>
  <testcase name="shouldVerifyEmptyList" classname="com.lecimy.checker.ScenarioStepsCounterTest" time="0.004"/>
  <testcase name="shouldReturn0WhenEmptyArrayPassed" classname="com.lecimy.checker.ScenarioStepsCounterTest" time="0.001"/>
  <testcase name="shouldVerifyNonNullList" classname="com.lecimy.checker.ScenarioStepsCounterTest" time="0.003"/>
  <testcase name="shouldCountStepsWith1LevelSubStepsNoKeywords" classname="com.lecimy.checker.ScenarioStepsCounterTest" time="0"/>
  <testcase name="shouldVerifyNonEmptyList" classname="com.lecimy.checker.ScenarioStepsCounterTest" time="0.002"/>
  <testcase name="shouldCountSteps" classname="com.lecimy.checker.ScenarioStepsCounterTest" time="0"/>
</testsuite>